<?xml version="1.0" encoding="UTF-8"?>
<testsuite name="test_sample_set.TestSampleSet-20220309130914" tests="2" time="20.866" timestamp="2022-03-09T13:09:35" failures="0" errors="2" skipped="0">
	<testcase classname="test_sample_set.TestSampleSet" name="testLogin" time="19.912" timestamp="2022-03-09T13:09:34">
		<error type="Abort" message=""><![CDATA[Traceback (most recent call last):
  File "/home/duez/vidjil/server/tests/test_sample_set.py", line 9, in setUp
    application = wsgi(apps_folder="server/py4web/apps")
  File "/home/duez/.local/lib/python3.8/site-packages/py4web/core.py", line 1717, in wsgi
    install_args(kwargs)
  File "/home/duez/.local/lib/python3.8/site-packages/py4web/core.py", line 1661, in install_args
    if yes or click.confirm("Create missing folder %s?" % apps_folder):
  File "/home/duez/.local/lib/python3.8/site-packages/click/termui.py", line 236, in confirm
    raise Abort() from None
click.exceptions.Abort

Stdout:
Create missing folder /home/duez/vidjil/server/tests/server/py4web/apps? [y/N]: 
]]></error>
	</testcase>
	<testcase classname="test_sample_set.TestSampleSet" name="testPatient" time="0.954" timestamp="2022-03-09T13:09:35">
		<error type="Abort" message=""><![CDATA[Traceback (most recent call last):
  File "/home/duez/vidjil/server/tests/test_sample_set.py", line 9, in setUp
    application = wsgi(apps_folder="server/py4web/apps")
  File "/home/duez/.local/lib/python3.8/site-packages/py4web/core.py", line 1717, in wsgi
    install_args(kwargs)
  File "/home/duez/.local/lib/python3.8/site-packages/py4web/core.py", line 1661, in install_args
    if yes or click.confirm("Create missing folder %s?" % apps_folder):
  File "/home/duez/.local/lib/python3.8/site-packages/click/termui.py", line 236, in confirm
    raise Abort() from None
click.exceptions.Abort

Stdout:
Create missing folder /home/duez/vidjil/server/tests/server/py4web/apps? [y/N]: 
]]></error>
	</testcase>
	<system-out><![CDATA[Create missing folder /home/duez/vidjil/server/tests/server/py4web/apps? [y/N]: Create missing folder /home/duez/vidjil/server/tests/server/py4web/apps? [y/N]: ]]></system-out>
	<system-err><![CDATA[]]></system-err>
</testsuite>
